<?xml version="1.0" encoding="UTF-8"?>
<testng-results ignored="0" total="1" passed="1" failed="0" skipped="0">
  <reporter-output>
    <line>
      <![CDATA[Username and Password enter successfully]]>
    </line>
    <line>
      <![CDATA[Successfully clicks on Menu Button]]>
    </line>
    <line>
      <![CDATA[Successfully perform browser Back]]>
    </line>
    <line>
      <![CDATA[Successfully clicks on Add To Cart Button]]>
    </line>
    <line>
      <![CDATA[The Header name is :Products]]>
    </line>
    <line>
      <![CDATA[Header is Matched and Verified Successfully]]>
    </line>
    <line>
      <![CDATA[Successfully clicks On Cart Button]]>
    </line>
    <line>
      <![CDATA[The your cart page text is :Your Cart]]>
    </line>
    <line>
      <![CDATA[Your Cart Page Header Text is Matched and Verified Successfully]]>
    </line>
    <line>
      <![CDATA[Successfully clicks On Checkout Button]]>
    </line>
    <line>
      <![CDATA[The your cart page text is :Checkout: Your Information]]>
    </line>
    <line>
      <![CDATA[Checkout: Your Information Page Header Text is Matched and Verified Successfully]]>
    </line>
    <line>
      <![CDATA[Successfully Enters Details and submit]]>
    </line>
    <line>
      <![CDATA[The your cart page text is :Checkout: Overview]]>
    </line>
    <line>
      <![CDATA[Checkout: Overview Page Header Text is Matched and Verified Successfully]]>
    </line>
    <line>
      <![CDATA[The Total Price Text is :Total: $53.99]]>
    </line>
  </reporter-output>
  <suite started-at="2024-02-09T13:33:28 IST" name="Default suite" finished-at="2024-02-09T13:33:43 IST" duration-ms="14783">
    <groups>
    </groups>
    <test started-at="2024-02-09T13:33:28 IST" name="Default test" finished-at="2024-02-09T13:33:43 IST" duration-ms="14783">
      <class name="TestClass.loginTest">
        <test-method is-config="true" signature="setUp()[pri:0, instance:TestClass.loginTest@75d3a5e0]" started-at="2024-02-09T13:33:28 IST" name="setUp" finished-at="2024-02-09T13:33:35 IST" duration-ms="6554" status="PASS">
          <reporter-output>
          </reporter-output>
        </test-method> <!-- setUp -->
        <test-method signature="verifyLoginTest()[pri:1, instance:TestClass.loginTest@75d3a5e0]" started-at="2024-02-09T13:33:35 IST" name="verifyLoginTest" finished-at="2024-02-09T13:33:43 IST" duration-ms="8164" status="PASS">
          <reporter-output>
            <line>
              <![CDATA[Username and Password enter successfully]]>
            </line>
            <line>
              <![CDATA[Successfully clicks on Menu Button]]>
            </line>
            <line>
              <![CDATA[Successfully perform browser Back]]>
            </line>
            <line>
              <![CDATA[Successfully clicks on Add To Cart Button]]>
            </line>
            <line>
              <![CDATA[The Header name is :Products]]>
            </line>
            <line>
              <![CDATA[Header is Matched and Verified Successfully]]>
            </line>
            <line>
              <![CDATA[Successfully clicks On Cart Button]]>
            </line>
            <line>
              <![CDATA[The your cart page text is :Your Cart]]>
            </line>
            <line>
              <![CDATA[Your Cart Page Header Text is Matched and Verified Successfully]]>
            </line>
            <line>
              <![CDATA[Successfully clicks On Checkout Button]]>
            </line>
            <line>
              <![CDATA[The your cart page text is :Checkout: Your Information]]>
            </line>
            <line>
              <![CDATA[Checkout: Your Information Page Header Text is Matched and Verified Successfully]]>
            </line>
            <line>
              <![CDATA[Successfully Enters Details and submit]]>
            </line>
            <line>
              <![CDATA[The your cart page text is :Checkout: Overview]]>
            </line>
            <line>
              <![CDATA[Checkout: Overview Page Header Text is Matched and Verified Successfully]]>
            </line>
            <line>
              <![CDATA[The Total Price Text is :Total: $53.99]]>
            </line>
          </reporter-output>
        </test-method> <!-- verifyLoginTest -->
      </class> <!-- TestClass.loginTest -->
    </test> <!-- Default test -->
  </suite> <!-- Default suite -->
</testng-results>
